<?xml version="1.0" encoding="UTF-8"?>
<testng-results ignored="0" total="1" passed="1" failed="0" skipped="0">
  <reporter-output>
    <line>
      <![CDATA[title is matching and matching title is=actiTIME - Login]]>
    </line>
    <line>
      <![CDATA[element is present and present element is.....actiTIME 2020 Online]]>
    </line>
  </reporter-output>
  <suite started-at="2021-01-18T21:36:36 IST" name="Default suite" finished-at="2021-01-18T21:37:34 IST" duration-ms="57961">
    <groups>
    </groups>
    <test started-at="2021-01-18T21:36:36 IST" name="Default test" finished-at="2021-01-18T21:37:34 IST" duration-ms="57961">
      <class name="com_ActiTime_Test.ValidLOginLogout">
        <test-method is-config="true" signature="preCondition()[pri:0, instance:com_ActiTime_Test.ValidLOginLogout@865dd6]" started-at="2021-01-18T21:36:36 IST" name="preCondition" finished-at="2021-01-18T21:37:32 IST" duration-ms="56018" status="PASS">
          <reporter-output>
          </reporter-output>
        </test-method> <!-- preCondition -->
        <test-method signature="validLoginLogout()[pri:1, instance:com_ActiTime_Test.ValidLOginLogout@865dd6]" started-at="2021-01-18T21:37:32 IST" name="validLoginLogout" finished-at="2021-01-18T21:37:33 IST" duration-ms="1259" status="PASS">
          <reporter-output>
            <line>
              <![CDATA[title is matching and matching title is=actiTIME - Login]]>
            </line>
            <line>
              <![CDATA[element is present and present element is.....actiTIME 2020 Online]]>
            </line>
          </reporter-output>
        </test-method> <!-- validLoginLogout -->
        <test-method is-config="true" signature="postCondition(org.testng.ITestResult)[pri:0, instance:com_ActiTime_Test.ValidLOginLogout@865dd6]" started-at="2021-01-18T21:37:33 IST" name="postCondition" finished-at="2021-01-18T21:37:34 IST" duration-ms="607" status="PASS">
          <params>
            <param index="0">
              <value>
                <![CDATA[[TestResult name=validLoginLogout status=SUCCESS method=ValidLOginLogout.validLoginLogout()[pri:1, instance:com_ActiTime_Test.ValidLOginLogout@865dd6] output=title is matching and matching title is=actiTIME - Login]]]>
              </value>
            </param>
          </params>
          <reporter-output>
          </reporter-output>
        </test-method> <!-- postCondition -->
      </class> <!-- com_ActiTime_Test.ValidLOginLogout -->
    </test> <!-- Default test -->
  </suite> <!-- Default suite -->
</testng-results>
